<?xml version="1.0" encoding="UTF-8"?>
<testsuite name="step_definitions.TestRunner" tests="0" skipped="0" failures="0" errors="0" timestamp="1970-01-01T00:00:00" hostname="MedSQA" time="0.0">
  <properties/>
  <system-out><![CDATA[
1 Scenarios (?[32m1 passed?[0m)
14 Steps (?[32m14 passed?[0m)
1m45.246s

]]></system-out>
  <system-err><![CDATA[]]></system-err>
</testsuite>
